c:\users\dbisig\projects\e2-create\software\tools\mocapanalysis\obj\x64\release\dab_data_proc_quat_euler.obj
c:\users\dbisig\projects\e2-create\software\tools\mocapanalysis\obj\x64\release\dab_tokenizer.obj
c:\users\dbisig\projects\e2-create\software\tools\mocapanalysis\obj\x64\release\dab_osc_receiver.obj
c:\users\dbisig\projects\e2-create\software\tools\mocapanalysis\obj\x64\release\baseengine.obj
c:\users\dbisig\projects\e2-create\software\tools\mocapanalysis\obj\x64\release\imgui.obj
c:\users\dbisig\projects\e2-create\software\tools\mocapanalysis\obj\x64\release\dab_data_proc.obj
c:\users\dbisig\projects\e2-create\software\tools\mocapanalysis\obj\x64\release\dab_exception.obj
c:\users\dbisig\projects\e2-create\software\tools\mocapanalysis\obj\x64\release\dab_math_field_algorithm.obj
c:\users\dbisig\projects\e2-create\software\tools\mocapanalysis\obj\x64\release\ofxglayer.obj
c:\users\dbisig\projects\e2-create\software\tools\mocapanalysis\obj\x64\release\dab_data_proc_combine.obj
c:\users\dbisig\projects\e2-create\software\tools\mocapanalysis\obj\x64\release\dab_data_sender.obj
c:\users\dbisig\projects\e2-create\software\tools\mocapanalysis\obj\x64\release\oscprintreceivedelements.obj
c:\users\dbisig\projects\e2-create\software\tools\mocapanalysis\obj\x64\release\ofxgaxislabel.obj
c:\users\dbisig\projects\e2-create\software\tools\mocapanalysis\obj\x64\release\imgui_draw.obj
c:\users\dbisig\projects\e2-create\software\tools\mocapanalysis\obj\x64\release\dab_array.obj
c:\users\dbisig\projects\e2-create\software\tools\mocapanalysis\obj\x64\release\ipendpointname.obj
c:\users\dbisig\projects\e2-create\software\tools\mocapanalysis\obj\x64\release\oscoutboundpacketstream.obj
c:\users\dbisig\projects\e2-create\software\tools\mocapanalysis\obj\x64\release\oscreceivedelements.obj
c:\users\dbisig\projects\e2-create\software\tools\mocapanalysis\obj\x64\release\ofxdatgui.obj
c:\users\dbisig\projects\e2-create\software\tools\mocapanalysis\obj\x64\release\dab_data_proc_filter.obj
c:\users\dbisig\projects\e2-create\software\tools\mocapanalysis\obj\x64\release\dab_data_proc_weight_effort.obj
c:\users\dbisig\projects\e2-create\software\tools\mocapanalysis\obj\x64\release\dab_parameter.obj
c:\users\dbisig\projects\e2-create\software\tools\mocapanalysis\obj\x64\release\dab_osc_messenger.obj
c:\users\dbisig\projects\e2-create\software\tools\mocapanalysis\obj\x64\release\defaulttheme.obj
c:\users\dbisig\projects\e2-create\software\tools\mocapanalysis\obj\x64\release\imhelpers.obj
c:\users\dbisig\projects\e2-create\software\tools\mocapanalysis\obj\x64\release\dab_data_proc_scalar.obj
c:\users\dbisig\projects\e2-create\software\tools\mocapanalysis\obj\x64\release\dab_data_proc_time_effort.obj
c:\users\dbisig\projects\e2-create\software\tools\mocapanalysis\obj\x64\release\dab_listener.obj
c:\users\dbisig\projects\e2-create\software\tools\mocapanalysis\obj\x64\release\dab_osc_arg.obj
c:\users\dbisig\projects\e2-create\software\tools\mocapanalysis\obj\x64\release\dab_osc_utils.obj
c:\users\dbisig\projects\e2-create\software\tools\mocapanalysis\obj\x64\release\engineopengles.obj
c:\users\dbisig\projects\e2-create\software\tools\mocapanalysis\obj\x64\release\ofximguiloggerchannel.obj
c:\users\dbisig\projects\e2-create\software\tools\mocapanalysis\obj\x64\release\dab_data_proc_lowpass.obj
c:\users\dbisig\projects\e2-create\software\tools\mocapanalysis\obj\x64\release\dab_data_proc_space_effort.obj
c:\users\dbisig\projects\e2-create\software\tools\mocapanalysis\obj\x64\release\dab_singleton.obj
c:\users\dbisig\projects\e2-create\software\tools\mocapanalysis\obj\x64\release\dab_math_vec.obj
c:\users\dbisig\projects\e2-create\software\tools\mocapanalysis\obj\x64\release\ofxsmartfont.obj
c:\users\dbisig\projects\e2-create\software\tools\mocapanalysis\obj\x64\release\gui.obj
c:\users\dbisig\projects\e2-create\software\tools\mocapanalysis\obj\x64\release\jsoncpp.obj
c:\users\dbisig\projects\e2-create\software\tools\mocapanalysis\obj\x64\release\main.obj
c:\users\dbisig\projects\e2-create\software\tools\mocapanalysis\obj\x64\release\enginevk.obj
c:\users\dbisig\projects\e2-create\software\tools\mocapanalysis\obj\x64\release\imgui_demo.obj
c:\users\dbisig\projects\e2-create\software\tools\mocapanalysis\obj\x64\release\dab_data.obj
c:\users\dbisig\projects\e2-create\software\tools\mocapanalysis\obj\x64\release\dab_value.obj
c:\users\dbisig\projects\e2-create\software\tools\mocapanalysis\obj\x64\release\dab_osc_message.obj
c:\users\dbisig\projects\e2-create\software\tools\mocapanalysis\obj\x64\release\ofxgplot.obj
c:\users\dbisig\projects\e2-create\software\tools\mocapanalysis\obj\x64\release\dab_data_proc_derivative_euler.obj
c:\users\dbisig\projects\e2-create\software\tools\mocapanalysis\obj\x64\release\dab_math.obj
c:\users\dbisig\projects\e2-create\software\tools\mocapanalysis\obj\x64\release\dab_osc_sender.obj
c:\users\dbisig\projects\e2-create\software\tools\mocapanalysis\obj\x64\release\ofxgtitle.obj
c:\users\dbisig\projects\e2-create\software\tools\mocapanalysis\obj\x64\release\ofapp.obj
c:\users\dbisig\projects\e2-create\software\tools\mocapanalysis\obj\x64\release\dab_data_proc_derivative.obj
c:\users\dbisig\projects\e2-create\software\tools\mocapanalysis\obj\x64\release\dab_buffer.obj
c:\users\dbisig\projects\e2-create\software\tools\mocapanalysis\obj\x64\release\networkingutils.obj
c:\users\dbisig\projects\e2-create\software\tools\mocapanalysis\obj\x64\release\ofxgaxis.obj
c:\users\dbisig\projects\e2-create\software\tools\mocapanalysis\obj\x64\release\ofxjsonelement.obj
c:\users\dbisig\projects\e2-create\software\tools\mocapanalysis\obj\x64\release\dab_data_proc_input.obj
c:\users\dbisig\projects\e2-create\software\tools\mocapanalysis\obj\x64\release\dab_data_proc_scale.obj
c:\users\dbisig\projects\e2-create\software\tools\mocapanalysis\obj\x64\release\dab_file_io.obj
c:\users\dbisig\projects\e2-create\software\tools\mocapanalysis\obj\x64\release\dab_math_roesseler_field_algorithm.obj
c:\users\dbisig\projects\e2-create\software\tools\mocapanalysis\obj\x64\release\ofxgpoint.obj
c:\users\dbisig\projects\e2-create\software\tools\mocapanalysis\obj\x64\release\dab_data_plot.obj
c:\users\dbisig\projects\e2-create\software\tools\mocapanalysis\obj\x64\release\engineglfw.obj
c:\users\dbisig\projects\e2-create\software\tools\mocapanalysis\obj\x64\release\dab_data_proc_flow_effort.obj
c:\users\dbisig\projects\e2-create\software\tools\mocapanalysis\obj\x64\release\dab_data_receiver.obj
c:\users\dbisig\projects\e2-create\software\tools\mocapanalysis\obj\x64\release\udpsocket.obj
c:\users\dbisig\projects\e2-create\software\tools\mocapanalysis\obj\x64\release\ofxghistogram.obj
c:\users\dbisig\projects\e2-create\software\tools\mocapanalysis\obj\x64\release\dab_data_messenger.obj
c:\users\dbisig\projects\e2-create\software\tools\mocapanalysis\obj\x64\release\osctypes.obj
c:\users\dbisig\projects\e2-create\software\tools\mocapanalysis\obj\x64\release\ofxdatguicomponent.obj
c:\users\dbisig\projects\e2-create\software\tools\mocapanalysis\obj\x64\release\imgui_widgets.obj
c:\users\dbisig\projects\e2-create\software\tools\mocapanalysis\obj\x64\release\vc141.pdb
c:\users\dbisig\projects\e2-create\software\tools\mocapanalysis\obj\x64\release\dab_data_proc_derivative_quat.obj
c:\users\dbisig\projects\e2-create\software\tools\mocapanalysis\obj\x64\release\dab_data_proc_lowpass_quat.obj
c:\users\dbisig\projects\e2-create\software\tools\mocapanalysis\obj\x64\release\dab_data_proc_space_effort_2.obj
c:\users\dbisig\projects\e2-create\software\tools\mocapanalysis\obj\x64\release\dab_json_helper.obj
c:\users\dbisig\projects\e2-create\software\tools\mocapanalysis\bin\mocapanalysis.exe
c:\users\dbisig\projects\e2-create\software\tools\mocapanalysis\bin\mocapanalysis.pdb
c:\users\dbisig\projects\e2-create\software\tools\mocapanalysis\bin\mocapanalysis.lib
c:\users\dbisig\projects\e2-create\software\tools\mocapanalysis\bin\mocapanalysis.exp
c:\users\dbisig\projects\e2-create\software\tools\mocapanalysis\obj\x64\release\icon.res
c:\users\dbisig\projects\e2-create\software\tools\mocapanalysis\obj\x64\release\mocapanalysis.tlog\cl.command.1.tlog
c:\users\dbisig\projects\e2-create\software\tools\mocapanalysis\obj\x64\release\mocapanalysis.tlog\cl.read.1.tlog
c:\users\dbisig\projects\e2-create\software\tools\mocapanalysis\obj\x64\release\mocapanalysis.tlog\cl.write.1.tlog
c:\users\dbisig\projects\e2-create\software\tools\mocapanalysis\obj\x64\release\mocapanalysis.tlog\link.command.1.tlog
c:\users\dbisig\projects\e2-create\software\tools\mocapanalysis\obj\x64\release\mocapanalysis.tlog\link.read.1.tlog
c:\users\dbisig\projects\e2-create\software\tools\mocapanalysis\obj\x64\release\mocapanalysis.tlog\link.write.1.tlog
c:\users\dbisig\projects\e2-create\software\tools\mocapanalysis\obj\x64\release\mocapanalysis.tlog\mocapanalysis.write.1u.tlog
c:\users\dbisig\projects\e2-create\software\tools\mocapanalysis\obj\x64\release\mocapanalysis.tlog\rc.command.1.tlog
c:\users\dbisig\projects\e2-create\software\tools\mocapanalysis\obj\x64\release\mocapanalysis.tlog\rc.read.1.tlog
c:\users\dbisig\projects\e2-create\software\tools\mocapanalysis\obj\x64\release\mocapanalysis.tlog\rc.write.1.tlog
